C51 COMPILER V9.54   I2C                                                                   08/23/2025 17:23:53 PAGE 1   


C51 COMPILER V9.54, COMPILATION OF MODULE I2C
OBJECT MODULE PLACED IN .\Objects\I2C.obj
COMPILER INVOKED BY: E:\Learning Programs\kiel5\C51\BIN\C51.EXE I2C.c OPTIMIZE(8,SPEED) BROWSE DEBUG OBJECTEXTEND PRINT(
                    -.\Listings\I2C.lst) OBJECT(.\Objects\I2C.obj)

line level    source

   1          #include <REGX52.H>
   2          #include "Delay.h"
   3          
   4          
   5          sbit I2C_SCL = P2^1;
   6          sbit I2C_SDA = P2^0;
   7          
   8          
   9          
  10          void I2C_Start(){
  11   1              I2C_SDA = 1;
  12   1              I2C_SCL = 1;    
  13   1              I2C_SDA = 0;
  14   1              I2C_SCL = 0;
  15   1              //P2=0xF3;      
  16   1      }
  17          
  18          void I2C_Stop(){
  19   1              I2C_SDA = 0;    
  20   1              I2C_SCL = 1;
  21   1              I2C_SDA = 1;
  22   1              //P2=0xF3;
  23   1      }
  24          
  25          void I2C_SendByte(unsigned char Byte){
  26   1              unsigned char i;
  27   1              for(i=0;i<8;i++){
  28   2                      I2C_SDA = Byte&(0x80>>i);
  29   2                      I2C_SCL = 1;
  30   2                      I2C_SCL = 0;    
  31   2              }
  32   1              //P2=0xF3;
  33   1      }
  34          
  35          unsigned char I2C_ReceiveByte(){
  36   1              unsigned char i,Byte=0x00;
  37   1              I2C_SDA = 1;
  38   1              for(i=0;i<8;i++){
  39   2                      I2C_SCL = 1;
  40   2                      if(I2C_SDA){Byte|=(0x80>>i);}
  41   2                      I2C_SCL = 0;    
  42   2              }
  43   1              //P2=0xF3;
  44   1              return Byte;
  45   1      }
  46          
  47          void I2C_SendAck(unsigned char AckBit){
  48   1              I2C_SDA=AckBit;
  49   1              I2C_SCL=1;
  50   1              I2C_SCL=0;
  51   1      }
  52          
  53          unsigned char I2C_ReceiveAck(){
  54   1              unsigned char AckBit;
C51 COMPILER V9.54   I2C                                                                   08/23/2025 17:23:53 PAGE 2   

  55   1              I2C_SDA=1;
  56   1              I2C_SCL=1;
  57   1              AckBit=I2C_SDA;
  58   1              I2C_SCL=0;
  59   1              return AckBit;
  60   1      }


MODULE INFORMATION:   STATIC OVERLAYABLE
   CODE SIZE        =    109    ----
   CONSTANT SIZE    =   ----    ----
   XDATA SIZE       =   ----    ----
   PDATA SIZE       =   ----    ----
   DATA SIZE        =   ----    ----
   IDATA SIZE       =   ----    ----
   BIT SIZE         =   ----    ----
END OF MODULE INFORMATION.


C51 COMPILATION COMPLETE.  0 WARNING(S),  0 ERROR(S)
