C51 COMPILER V9.54   TIMER0_INIT                                                           08/23/2025 17:23:54 PAGE 1   


C51 COMPILER V9.54, COMPILATION OF MODULE TIMER0_INIT
OBJECT MODULE PLACED IN .\Objects\Timer0_Init.obj
COMPILER INVOKED BY: E:\Learning Programs\kiel5\C51\BIN\C51.EXE Timer0_Init.c OPTIMIZE(8,SPEED) BROWSE DEBUG OBJECTEXTEN
                    -D PRINT(.\Listings\Timer0_Init.lst) OBJECT(.\Objects\Timer0_Init.obj)

line level    source

   1          #include <REGX52.H>
   2          
   3          void Timer0_Init(){
   4   1              TMOD&=0xF0;
   5   1              TMOD|=0x01;
   6   1              TL0=0x18;               
   7   1              TH0=0xFC;       
   8   1              TF0=0;
   9   1              TR0=1;
  10   1              ET0=1;
  11   1              EA=1;
  12   1              PT0=0;
  13   1      }


MODULE INFORMATION:   STATIC OVERLAYABLE
   CODE SIZE        =     23    ----
   CONSTANT SIZE    =   ----    ----
   XDATA SIZE       =   ----    ----
   PDATA SIZE       =   ----    ----
   DATA SIZE        =   ----    ----
   IDATA SIZE       =   ----    ----
   BIT SIZE         =   ----    ----
END OF MODULE INFORMATION.


C51 COMPILATION COMPLETE.  0 WARNING(S),  0 ERROR(S)
