C51 COMPILER V9.54   DELAY                                                                 08/19/2025 14:36:22 PAGE 1   


C51 COMPILER V9.54, COMPILATION OF MODULE DELAY
OBJECT MODULE PLACED IN .\Objects\Delay.obj
COMPILER INVOKED BY: E:\Learning Programs\kiel5\C51\BIN\C51.EXE Delay.c OPTIMIZE(8,SPEED) BROWSE DEBUG OBJECTEXTEND PRIN
                    -T(.\Listings\Delay.lst) OBJECT(.\Objects\Delay.obj)

line level    source

   1          #include <REGX52.H>
   2          #include <INTRINS.H>
   3          
   4          void Delay(unsigned int xms)            //@12.000MHz
   5          {
   6   1              while(xms){
   7   2                      /*
   8   2                      unsigned char i, j;
   9   2                      i = 12;
  10   2                      j = 169;
  11   2                      do
  12   2                      {
  13   2                              while (--j);
  14   2                      } while (--i);
  15   2                      */
  16   2                      unsigned char i, j;
  17   2      
  18   2                      _nop_();
  19   2                      i = 2;
  20   2                      j = 199;
  21   2                      do
  22   2                      {
  23   3                              while (--j);
  24   3                      } while (--i);
  25   2                      xms--;
  26   2              }
  27   1      }
  28          
  29          


MODULE INFORMATION:   STATIC OVERLAYABLE
   CODE SIZE        =     25    ----
   CONSTANT SIZE    =   ----    ----
   XDATA SIZE       =   ----    ----
   PDATA SIZE       =   ----    ----
   DATA SIZE        =   ----       2
   IDATA SIZE       =   ----    ----
   BIT SIZE         =   ----    ----
END OF MODULE INFORMATION.


C51 COMPILATION COMPLETE.  0 WARNING(S),  0 ERROR(S)
