C51 COMPILER V9.54   MAIN                                                                  08/19/2025 16:12:51 PAGE 1   


C51 COMPILER V9.54, COMPILATION OF MODULE MAIN
OBJECT MODULE PLACED IN .\Objects\main.obj
COMPILER INVOKED BY: E:\Learning Programs\kiel5\C51\BIN\C51.EXE main.c OPTIMIZE(8,SPEED) BROWSE DEBUG OBJECTEXTEND PRINT
                    -(.\Listings\main.lst) OBJECT(.\Objects\main.obj)

line level    source

   1          #include <REGX52.H>
   2          #include "Delay.h"
   3          #include "MatrixLED.h"
   4          
   5          unsigned char code Animation[]={
   6          0x98,0x98,0x99,0x01,0x01,0x99,0x98,0x98,
   7          0x98,0x90,0x99,0x01,0x01,0x99,0x90,0x98,
   8          0x98,0xA0,0x9A,0x01,0x01,0x9A,0xA0,0x98,
   9          0x98,0xA0,0x9A,0x01,0x01,0x9A,0xA0,0x98,
  10          0x98,0xA0,0x9A,0x01,0x01,0x9A,0xA0,0x98,
  11          0x98,0x90,0x99,0x01,0x01,0x99,0x90,0x98,
  12          };
  13          
  14          void main(){
  15   1              unsigned char i,m,offset=0,Count=0;
  16   1              MatrixLED_Init();
  17   1              while(1){
  18   2                      for(i=0;i<8;i++){
  19   3                              MatrixLED(i,Animation[i+offset]);
  20   3                              //MatrixLED(1,Animation[1]);
  21   3                              //MatrixLED(2,Animation[2]);
  22   3                              //MatrixLED(3,Animation[3]);
  23   3                              //MatrixLED(4,Animation[4]);
  24   3                              //MatrixLED(5,Animation[5]);
  25   3                              //MatrixLED(6,Animation[6]);
  26   3                              //MatrixLED(7,Animation[7]);                    
  27   3                      }
  28   2                      Count++;
  29   2                      if(Count>50){
  30   3                              Count=0;
  31   3                              offset+=8;
  32   3                      }
  33   2      
  34   2                      if(offset>=48){
  35   3                              offset=0;
  36   3                      }
  37   2              }
  38   1      }
*** WARNING C280 IN LINE 15 OF main.c: 'm': unreferenced local variable


MODULE INFORMATION:   STATIC OVERLAYABLE
   CODE SIZE        =     66    ----
   CONSTANT SIZE    =     48    ----
   XDATA SIZE       =   ----    ----
   PDATA SIZE       =   ----    ----
   DATA SIZE        =   ----       4
   IDATA SIZE       =   ----    ----
   BIT SIZE         =   ----    ----
END OF MODULE INFORMATION.


C51 COMPILATION COMPLETE.  1 WARNING(S),  0 ERROR(S)
