C51 COMPILER V9.54   MATRIXLED                                                             08/19/2025 15:31:09 PAGE 1   


C51 COMPILER V9.54, COMPILATION OF MODULE MATRIXLED
OBJECT MODULE PLACED IN .\Objects\MatrixLED.obj
COMPILER INVOKED BY: E:\Learning Programs\kiel5\C51\BIN\C51.EXE MatrixLED.c OPTIMIZE(8,SPEED) BROWSE DEBUG OBJECTEXTEND 
                    -PRINT(.\Listings\MatrixLED.lst) OBJECT(.\Objects\MatrixLED.obj)

line level    source

   1          #include <REGX52.H>
   2          #include <Delay.h>
   3          #include <MatrixLED.h>
   4          #define MATRIX_LED P0
   5          sbit RCK=P3^5;
   6          sbit SCK=P3^6;
   7          sbit SER=P3^4;
   8          
   9          void __74HC595_WriteByte(unsigned char Byte){
  10   1              unsigned char i;
  11   1              for(i=0;i<8;i++){
  12   2                      SER=Byte&(0x80>>i);
  13   2                      SCK=1;
  14   2                      SCK=0;
  15   2              }
  16   1              RCK=1;
  17   1              RCK=0;
  18   1      }
  19          
  20          void MatrixLED_Init(){
  21   1              SCK=0;
  22   1              RCK=0;
  23   1      }
  24          
  25          void MatrixLED(unsigned char Column,Date){
  26   1              __74HC595_WriteByte(Date);
  27   1              MATRIX_LED=~(0x80>>Column);
  28   1              Delay(1);
  29   1              MATRIX_LED=0xFF;
  30   1      }
  31          


MODULE INFORMATION:   STATIC OVERLAYABLE
   CODE SIZE        =     84    ----
   CONSTANT SIZE    =   ----    ----
   XDATA SIZE       =   ----    ----
   PDATA SIZE       =   ----    ----
   DATA SIZE        =   ----    ----
   IDATA SIZE       =   ----    ----
   BIT SIZE         =   ----    ----
END OF MODULE INFORMATION.


C51 COMPILATION COMPLETE.  0 WARNING(S),  0 ERROR(S)
