C51 COMPILER V9.54   MAIN                                                                  08/21/2025 19:57:45 PAGE 1   


C51 COMPILER V9.54, COMPILATION OF MODULE MAIN
OBJECT MODULE PLACED IN .\Objects\main.obj
COMPILER INVOKED BY: E:\Learning Programs\kiel5\C51\BIN\C51.EXE main.c OPTIMIZE(8,SPEED) BROWSE DEBUG OBJECTEXTEND PRINT
                    -(.\Listings\main.lst) OBJECT(.\Objects\main.obj)

line level    source

   1          #include <REGX52.H>
   2          #include "IndeKey.h"
   3          #include "Delay.h"
   4          #include "LCD1602.h"
   5          #include "I2C.h"
   6          #include "AT2402.h"
   7          
   8          unsigned char KeyNum;
   9          unsigned int Num;
  10          
  11          void main(){
  12   1              
  13   1              LCD_Init();
  14   1              //LCD_ShowString(1,1,"SHART");
  15   1              LCD_ShowNum(1,1,Num,5);
  16   1              while(1){
  17   2                      KeyNum=IndeKey();
  18   2                      if(KeyNum){
  19   3                              if(KeyNum==1){
  20   4                                      Num++;
  21   4                                      LCD_ShowNum(1,1,Num,5);         
  22   4                              }                       
  23   3                              if(KeyNum==2){
  24   4                                      Num--;
  25   4                                      LCD_ShowNum(1,1,Num,5);         
  26   4                              }                       
  27   3                              if(KeyNum==3){
  28   4                                      AT24C02_WriteByte(0,Num%256);
  29   4                                      Delay(5);                               
  30   4                                      AT24C02_WriteByte(1,Num/256);
  31   4                                      Delay(5);
  32   4                                      LCD_ShowString(2,1,"Write OK");
  33   4                                      Delay(1000);
  34   4                                      LCD_ShowString(2,1,"        ");
  35   4                              }                       
  36   3                              if(KeyNum==4){
  37   4                                      Num=AT24C02_ReadByte(0);
  38   4                                      Num|=AT24C02_ReadByte(1)<<8;
  39   4                                      LCD_ShowString(2,1,"Read OK");
  40   4                                      LCD_ShowNum(1,1,Num,5);         
  41   4                                      Delay(1000);
  42   4                                      LCD_ShowString(2,1,"       ");
  43   4                              }
  44   3      
  45   3                      }
  46   2              }
  47   1      }


MODULE INFORMATION:   STATIC OVERLAYABLE
   CODE SIZE        =    225    ----
   CONSTANT SIZE    =     34    ----
   XDATA SIZE       =   ----    ----
   PDATA SIZE       =   ----    ----
C51 COMPILER V9.54   MAIN                                                                  08/21/2025 19:57:45 PAGE 2   

   DATA SIZE        =      3    ----
   IDATA SIZE       =   ----    ----
   BIT SIZE         =   ----    ----
END OF MODULE INFORMATION.


C51 COMPILATION COMPLETE.  0 WARNING(S),  0 ERROR(S)
