C51 COMPILER V9.54   MAIN                                                                  08/17/2025 13:31:48 PAGE 1   


C51 COMPILER V9.54, COMPILATION OF MODULE MAIN
OBJECT MODULE PLACED IN .\Objects\main.obj
COMPILER INVOKED BY: E:\Learning Programs\kiel5\C51\BIN\C51.EXE main.c OPTIMIZE(8,SPEED) BROWSE DEBUG OBJECTEXTEND PRINT
                    -(.\Listings\main.lst) TABS(2) OBJECT(.\Objects\main.obj)

line level    source

   1          #include <REGX52.H>
   2          
   3          
   4          void Delay(unsigned int t)    //@12.000MHz
   5          {
   6   1        unsigned char i, j;
   7   1        for(t;t>0;t--)
   8   1        {
   9   2        i = 12;
  10   2        j = 169;
  11   2        do
  12   2        {
  13   3          while (--j);
  14   3        } while (--i);
  15   2        }
  16   1      
  17   1      }
  18          
  19          /*
  20          void Delay(unsigned int xms)
  21          {
  22          unsigned int t ;
  23            while(xms--)
  24              for(t=0;t<12000;t++);
  25          }
  26          */
  27          
  28          void main()
  29          {
  30   1      
  31   1        P2 = 0xFE;
  32   1        while(1)
  33   1        {
  34   2              Delay(10);
  35   2              if(!P3_0)
  36   2              {
  37   3                  Delay(20);
  38   3                  while(P3_0)
  39   3                  {
  40   4                      if(!P2_7)
  41   4                        {
  42   5                          P2 = 0xFE;
  43   5                        }
  44   4                      else
  45   4                        {
  46   5                          P2 = ~(~P2 << 1);
  47   5                        } 
  48   4                    break;  
  49   4                  }
  50   3                  while(!P3_0)
  51   3                  {
  52   4                    if(!P2_7)
  53   4                    {
  54   5                      P2 = 0xFE;
C51 COMPILER V9.54   MAIN                                                                  08/17/2025 13:31:48 PAGE 2   

  55   5                      Delay(20);
  56   5                    }
  57   4                    else
  58   4                    {
  59   5                    P2 = ~(~P2 << 1);
  60   5                    Delay(20);
  61   5                    }             
  62   4                  }
  63   3      
  64   3      
  65   3              }
  66   2              if(!P3_1)
  67   2              {
  68   3                Delay(20);
  69   3                while(P3_1)
  70   3                {
  71   4                  if(!P2_0)
  72   4                  {
  73   5                    P2=0x7F;
  74   5                  }
  75   4                  else
  76   4                  {
  77   5                    P2=~(~P2 >> 1);
  78   5                  }
  79   4                  break;
  80   4                }
  81   3                while(!P3_1)
  82   3                {
  83   4                    if(!P2_0)
  84   4                    {
  85   5                      P2=0x7F;
  86   5                      Delay(20);
  87   5                    }
  88   4                    else
  89   4                    {
  90   5                      P2=~(~P2 >> 1);
  91   5                      Delay(20);
  92   5                    }         
  93   4                }
  94   3                
  95   3              }
  96   2            
  97   2        }
  98   1      }


MODULE INFORMATION:   STATIC OVERLAYABLE
   CODE SIZE        =    140    ----
   CONSTANT SIZE    =   ----    ----
   XDATA SIZE       =   ----    ----
   PDATA SIZE       =   ----    ----
   DATA SIZE        =   ----    ----
   IDATA SIZE       =   ----    ----
   BIT SIZE         =   ----    ----
END OF MODULE INFORMATION.


C51 COMPILATION COMPLETE.  0 WARNING(S),  0 ERROR(S)
