C51 COMPILER V9.54   MAIN                                                                  08/28/2025 13:45:59 PAGE 1   


C51 COMPILER V9.54, COMPILATION OF MODULE MAIN
OBJECT MODULE PLACED IN .\Objects\main.obj
COMPILER INVOKED BY: E:\Learning Programs\kiel5\C51\BIN\C51.EXE main.c OPTIMIZE(8,SPEED) BROWSE DEBUG OBJECTEXTEND PRINT
                    -(.\Listings\main.lst) OBJECT(.\Objects\main.obj)

line level    source

   1          #include <REGX52.H>
   2          #include "IR.h"
   3          #include "MOTOR.h"
   4          #include "Nixie.h"
   5          
   6          unsigned char Address;
   7          unsigned char Command;
   8          unsigned char pare;
   9          
  10          void main()
  11          {
  12   1              Motor_Init();
  13   1              IR_Init();
  14   1              while(1)
  15   1              {
  16   2                      if(IR_GetDataFlag() || IR_GetRepeatFlag())
  17   2                      {
  18   3                              Address=IR_GetAddress();
  19   3                              Command=IR_GetCommand();
  20   3                              if(Command==IR_VOL_MINUS)               
  21   3                                      {
  22   4                                              pare--; 
  23   4                                              Motor_SetSpeed(pare);           
  24   4                                      }
  25   3                                      if(Command==IR_VOL_ADD)                 
  26   3                                      {
  27   4                                              pare++;
  28   4                                              Motor_SetSpeed(pare);                                   
  29   4                                      }
  30   3                      }
  31   2                      Nixie(1,pare);  
  32   2              }
  33   1      }
  34          
  35          


MODULE INFORMATION:   STATIC OVERLAYABLE
   CODE SIZE        =     64    ----
   CONSTANT SIZE    =   ----    ----
   XDATA SIZE       =   ----    ----
   PDATA SIZE       =   ----    ----
   DATA SIZE        =      3    ----
   IDATA SIZE       =   ----    ----
   BIT SIZE         =   ----    ----
END OF MODULE INFORMATION.


C51 COMPILATION COMPLETE.  0 WARNING(S),  0 ERROR(S)
