C51 COMPILER V9.54   MOTOR                                                                 08/28/2025 13:32:02 PAGE 1   


C51 COMPILER V9.54, COMPILATION OF MODULE MOTOR
OBJECT MODULE PLACED IN .\Objects\MOTOR.obj
COMPILER INVOKED BY: E:\Learning Programs\kiel5\C51\BIN\C51.EXE MOTOR.c OPTIMIZE(8,SPEED) BROWSE DEBUG OBJECTEXTEND PRIN
                    -T(.\Listings\MOTOR.lst) OBJECT(.\Objects\MOTOR.obj)

line level    source

   1          #include <REGX52.H>
   2          
   3          sbit Motor=P1^0;
   4          unsigned char Counter;
   5          unsigned char Compare;
   6          
   7          void Timer1_Init(void)
   8          {
   9   1              TMOD &= 0x0F;   
  10   1              TMOD |= 0x10;
  11   1              TL1 = 0x9C;             
  12   1              TH1 = 0xFF;             
  13   1              TF1 = 0;                
  14   1              TR1 = 1;        
  15   1              ET1=1;
  16   1              EA=1;
  17   1              PT1=0;
  18   1      }
  19          
  20          void Motor_Init(void)
  21          {
  22   1              Timer1_Init();
  23   1      }
  24          
  25          void Motor_SetSpeed(unsigned char Speed)
  26          {
  27   1              Compare=Speed;
  28   1      }
  29          
  30          void Timer1_Routine() interrupt 3
  31          {
  32   1              TL1 = 0x9C;     
  33   1              TH1 = 0xFF;             
  34   1              Counter++;
  35   1              Counter%=100;   
  36   1              if(Counter<Compare)     
  37   1              {
  38   2                      Motor=1;        
  39   2              }
  40   1              else            
  41   1              {
  42   2                      Motor=0;        
  43   2              }
  44   1      }


MODULE INFORMATION:   STATIC OVERLAYABLE
   CODE SIZE        =     72    ----
   CONSTANT SIZE    =   ----    ----
   XDATA SIZE       =   ----    ----
   PDATA SIZE       =   ----    ----
   DATA SIZE        =      2    ----
   IDATA SIZE       =   ----    ----
   BIT SIZE         =   ----    ----
C51 COMPILER V9.54   MOTOR                                                                 08/28/2025 13:32:02 PAGE 2   

END OF MODULE INFORMATION.


C51 COMPILATION COMPLETE.  0 WARNING(S),  0 ERROR(S)
