C51 COMPILER V9.54   TIMER0_INIT                                                           08/27/2025 12:20:35 PAGE 1   


C51 COMPILER V9.54, COMPILATION OF MODULE TIMER0_INIT
OBJECT MODULE PLACED IN .\Objects\Timer0_Init.obj
COMPILER INVOKED BY: E:\Learning Programs\kiel5\C51\BIN\C51.EXE Timer0_Init.c OPTIMIZE(8,SPEED) BROWSE DEBUG OBJECTEXTEN
                    -D PRINT(.\Listings\Timer0_Init.lst) OBJECT(.\Objects\Timer0_Init.obj)

line level    source

   1          #include <REGX52.H>
   2          
   3          void Timer0_Init(){//100us
   4   1              TMOD&=0xF0;
   5   1              TMOD|=0x01;
   6   1              TL0=0;          
   7   1              TH0=0;  
   8   1              TF0=0;
   9   1              TR0=0;
  10   1      }
  11          
  12          void Timer0_SetCounter(unsigned int Value)
  13          {
  14   1              TH0=Value/256;
  15   1              TL0=Value%256;
  16   1      }
  17          
  18          unsigned int Timer0_GetCounter()
  19          {
  20   1              return (TH0<<8)|TL0;
  21   1      }
  22          
  23          void Timer0_Run(unsigned char Flag)
  24          {
  25   1              TR0=Flag;
  26   1      }
  27          


MODULE INFORMATION:   STATIC OVERLAYABLE
   CODE SIZE        =     42    ----
   CONSTANT SIZE    =   ----    ----
   XDATA SIZE       =   ----    ----
   PDATA SIZE       =   ----    ----
   DATA SIZE        =   ----    ----
   IDATA SIZE       =   ----    ----
   BIT SIZE         =   ----    ----
END OF MODULE INFORMATION.


C51 COMPILATION COMPLETE.  0 WARNING(S),  0 ERROR(S)
