C51 COMPILER V9.54   TIMER1_INIT_                                                          08/27/2025 14:20:28 PAGE 1   


C51 COMPILER V9.54, COMPILATION OF MODULE TIMER1_INIT_
OBJECT MODULE PLACED IN .\Objects\Timer1_Init .obj
COMPILER INVOKED BY: E:\Learning Programs\kiel5\C51\BIN\C51.EXE Timer1_Init .c OPTIMIZE(8,SPEED) BROWSE DEBUG OBJECTEXTE
                    -ND PRINT(.\Listings\Timer1_Init .lst) OBJECT(.\Objects\Timer1_Init .obj)

line level    source

   1          #include <REGX52.H>
   2          
   3          void Timer1_Init(){//100us
   4   1              TMOD&=0x0F;
   5   1              TMOD|=0x10;
   6   1              TL1=0xA4;               
   7   1              TH1=0xFF;       
   8   1              TF1=0;
   9   1              TR1=1;
  10   1              ET1=1;
  11   1              EA=1;
  12   1              PT1=0;
  13   1      }
  14          
  15          
  16          /*
  17          void Timer1_Routine() interrupt 3{
  18                  static unsigned int T1Count;
  19                  TL1=0xA4;               
  20                  TH1=0xFF;       
  21                  T1Count++;
  22                  if(T1Count>=1000){
  23                          T1Count=0;
  24                  }
  25          }
  26          */


MODULE INFORMATION:   STATIC OVERLAYABLE
   CODE SIZE        =     23    ----
   CONSTANT SIZE    =   ----    ----
   XDATA SIZE       =   ----    ----
   PDATA SIZE       =   ----    ----
   DATA SIZE        =   ----    ----
   IDATA SIZE       =   ----    ----
   BIT SIZE         =   ----    ----
END OF MODULE INFORMATION.


C51 COMPILATION COMPLETE.  0 WARNING(S),  0 ERROR(S)
