C51 COMPILER V9.54   MAIN                                                                  08/18/2025 11:29:42 PAGE 1   


C51 COMPILER V9.54, COMPILATION OF MODULE MAIN
OBJECT MODULE PLACED IN .\Objects\main.obj
COMPILER INVOKED BY: E:\Learning Programs\kiel5\C51\BIN\C51.EXE main.c OPTIMIZE(8,SPEED) BROWSE DEBUG OBJECTEXTEND PRINT
                    -(.\Listings\main.lst) TABS(2) OBJECT(.\Objects\main.obj)

line level    source

   1          #include <REGX52.H>
   2          #include <INTRINS.H> 
   3          #include "Delay.h"
   4          #include "MatrixKey.h"
   5          #include "IndeKey.h"
   6          #include "LCD1602.h"
   7          #include "Timer0_Init.h"
   8          
   9          unsigned char Sec=51;
  10          unsigned char Min=59;
  11          unsigned char Hour=13;
  12          
  13          
  14          /*//1ºÁÃë¼ÆÊ±Æ÷
  15          void Timer0_Init(){
  16            TMOD &= 0xF0;   
  17            TMOD |= 0x01;   
  18            TL0 = 0x18;   
  19            TH0 = 0xFC;   
  20            TF0 = 0;    
  21            TR0 = 1;    
  22            
  23            ET0=1;
  24            EA=1;
  25            PT0=0;
  26          }*/
  27          
  28          
  29          void main(){
  30   1        Timer0_Init();
  31   1        LCD_Init();
  32   1        LCD_ShowString(1,1,"Clock:");
  33   1        while(1){
  34   2          /*KeyNum=IndeKey();
  35   2          if(KeyNum){
  36   2            if(KeyNum==1){LEDMode=1;}
  37   2            if(KeyNum==2){LEDMode=2;}
  38   2          }
  39   2        */
  40   2          LCD_ShowNum(2,7,Sec,2);
  41   2          LCD_ShowNum(2,4,Min,2);
  42   2          LCD_ShowNum(2,1,Hour,2);
  43   2          LCD_ShowChar(2,3,':');
  44   2          LCD_ShowChar(2,6,':');
  45   2      
  46   2      
  47   2        } 
  48   1      }
  49          
  50          void Timer0_Routine() interrupt 1{
  51   1        static unsigned int T0Count;
  52   1        TL0 = 0x18;   
  53   1        TH0 = 0xFC;   
  54   1        T0Count++;
C51 COMPILER V9.54   MAIN                                                                  08/18/2025 11:29:42 PAGE 2   

  55   1        if(T0Count>=1000){
  56   2          T0Count=0;
  57   2          /*if(LEDMode==1)P2=_crol_(P2,1);
  58   2          if(LEDMode==2)P2=_cror_(P2,1);*/
  59   2          Sec++;
  60   2          if(Sec>=60){Sec=0;Min++;}
  61   2          if(Min>=60){Min=0;Hour++;}
  62   2      
  63   2        }
  64   1      }


MODULE INFORMATION:   STATIC OVERLAYABLE
   CODE SIZE        =    147    ----
   CONSTANT SIZE    =      7    ----
   XDATA SIZE       =   ----    ----
   PDATA SIZE       =   ----    ----
   DATA SIZE        =      5    ----
   IDATA SIZE       =   ----    ----
   BIT SIZE         =   ----    ----
END OF MODULE INFORMATION.


C51 COMPILATION COMPLETE.  0 WARNING(S),  0 ERROR(S)
