C51 COMPILER V9.54   MAIN                                                                  08/18/2025 17:54:40 PAGE 1   


C51 COMPILER V9.54, COMPILATION OF MODULE MAIN
OBJECT MODULE PLACED IN .\Objects\main.obj
COMPILER INVOKED BY: E:\Learning Programs\kiel5\C51\BIN\C51.EXE main.c OPTIMIZE(8,SPEED) BROWSE DEBUG OBJECTEXTEND PRINT
                    -(.\Listings\main.lst) TABS(2) OBJECT(.\Objects\main.obj)

line level    source

   1          #include <REGX52.H>
   2          #include "Delay.h"
   3          #include "UART_Init.h"
   4          
   5          
   6          unsigned char Sec;
   7          
   8          
   9          
  10          
  11          
  12          void main(){
  13   1        UART();
  14   1        while(1){
  15   2      
  16   2        }
  17   1      }
  18          
  19          void URAT_Routine() interrupt 4{
  20   1        
  21   1          if(RI==1){
  22   2            P2=~SBUF;
  23   2            UART_SendByte(SBUF);
  24   2            //Delay(1000);
  25   2            //P2=~P2;
  26   2            RI=0;
  27   2          }
  28   1      }


MODULE INFORMATION:   STATIC OVERLAYABLE
   CODE SIZE        =     76    ----
   CONSTANT SIZE    =   ----    ----
   XDATA SIZE       =   ----    ----
   PDATA SIZE       =   ----    ----
   DATA SIZE        =      1    ----
   IDATA SIZE       =   ----    ----
   BIT SIZE         =   ----    ----
END OF MODULE INFORMATION.


C51 COMPILATION COMPLETE.  0 WARNING(S),  0 ERROR(S)
