C51 COMPILER V9.54   UART_INIT                                                             08/18/2025 17:50:20 PAGE 1   


C51 COMPILER V9.54, COMPILATION OF MODULE UART_INIT
OBJECT MODULE PLACED IN .\Objects\UART_Init.obj
COMPILER INVOKED BY: E:\Learning Programs\kiel5\C51\BIN\C51.EXE UART_Init.c OPTIMIZE(8,SPEED) BROWSE DEBUG OBJECTEXTEND 
                    -PRINT(.\Listings\UART_Init.lst) TABS(2) OBJECT(.\Objects\UART_Init.obj)

line level    source

   1          #include <REGX52.H>
   2          
   3          void UART(){
   4   1        SCON=0x50;
   5   1        PCON=0x80;
   6   1        TMOD&=0x0F;
   7   1        TMOD|=0x20;
   8   1        TL1=0xF4;
   9   1        TH1=0xF4;
  10   1        //TF1=;
  11   1        TR1=1;
  12   1        ET1=0;
  13   1        EA=1;
  14   1        ES=1;
  15   1        //PT1=0;
  16   1      }
  17          
  18          void UART_SendByte(unsigned char Byte){
  19   1        SBUF=Byte;
  20   1        while(!TI);
  21   1        TI=0;
  22   1      }


MODULE INFORMATION:   STATIC OVERLAYABLE
   CODE SIZE        =     35    ----
   CONSTANT SIZE    =   ----    ----
   XDATA SIZE       =   ----    ----
   PDATA SIZE       =   ----    ----
   DATA SIZE        =   ----    ----
   IDATA SIZE       =   ----    ----
   BIT SIZE         =   ----    ----
END OF MODULE INFORMATION.


C51 COMPILATION COMPLETE.  0 WARNING(S),  0 ERROR(S)
