C51 COMPILER V9.54   MAIN                                                                  08/16/2025 10:59:33 PAGE 1   


C51 COMPILER V9.54, COMPILATION OF MODULE MAIN
OBJECT MODULE PLACED IN .\Objects\main.obj
COMPILER INVOKED BY: E:\Learning Programs\kiel5\C51\BIN\C51.EXE main.c OPTIMIZE(8,SPEED) BROWSE DEBUG OBJECTEXTEND PRINT
                    -(.\Listings\main.lst) TABS(2) OBJECT(.\Objects\main.obj)

line level    source

   1          #include <REGX52.H>
   2          #include <INTRINS.H>
   3          
   4          void Delay1ms(unsigned int t)   //@12.000MHz
   5          {
   6   1        unsigned char i, j;
   7   1      while(t)
   8   1        {
   9   2          i = 12;
  10   2          j = 169;
  11   2          do
  12   2          {
  13   3            while (--j);
  14   3          } while (--i);
  15   2          t--;
  16   2        }
  17   1      
  18   1      }
  19          
  20          
  21          /*void main()
  22          {
  23            while(1)
  24            {
  25            P2=0xFE;//1111 1110
  26            Delay1ms(50);
  27            P2=0xFD;//1111 1101
  28            Delay1ms(50);
  29            P2=0xFB;//1111 1011
  30            Delay1ms(50);
  31            P2=0xF7;//1111 0111
  32            Delay1ms(50);
  33            P2=0xEF;//1110 1111
  34            Delay1ms(50);
  35            P2=0xDF;//1101 1111
  36            Delay1ms(50);
  37            P2=0xBF;//1011 1111
  38            Delay1ms(50);
  39            P2=0x7F;//0111 1111
  40            Delay1ms(50);
  41            }
  42          }*/
  43          
  44          
  45          void  LED()
  46          {
  47   1        int i = 0;
  48   1        for(i=0;i<8;i++)
  49   1        {
  50   2        P2=~(0x01<<i);
  51   2        Delay1ms(25);
  52   2        }
  53   1      }
  54          
C51 COMPILER V9.54   MAIN                                                                  08/16/2025 10:59:33 PAGE 2   

  55          void main()
  56          {
  57   1      while(1){
  58   2        LED();
  59   2      }
  60   1      
  61   1      }


MODULE INFORMATION:   STATIC OVERLAYABLE
   CODE SIZE        =     63    ----
   CONSTANT SIZE    =   ----    ----
   XDATA SIZE       =   ----    ----
   PDATA SIZE       =   ----    ----
   DATA SIZE        =   ----    ----
   IDATA SIZE       =   ----    ----
   BIT SIZE         =   ----    ----
END OF MODULE INFORMATION.


C51 COMPILATION COMPLETE.  0 WARNING(S),  0 ERROR(S)
