C51 COMPILER V9.54   MAIN                                                                  08/24/2025 13:38:05 PAGE 1   


C51 COMPILER V9.54, COMPILATION OF MODULE MAIN
OBJECT MODULE PLACED IN .\Objects\main.obj
COMPILER INVOKED BY: E:\Learning Programs\kiel5\C51\BIN\C51.EXE main.c OPTIMIZE(8,SPEED) BROWSE DEBUG OBJECTEXTEND PRINT
                    -(.\Listings\main.lst) OBJECT(.\Objects\main.obj)

line level    source

   1          #include <REGX52.H>
   2          #include "LCD1602.h"
   3          #include "Delay.h"
   4          
   5          void main(){
   6   1              LCD_Init();
   7   1              LCD_ShowChar(2,5,'A');
   8   1              LCD_ShowString(1,3,"Holle");
   9   1              LCD_ShowNum(1,9,66,3);
  10   1              LCD_ShowSignedNum(1,13,-86,2);
  11   1              LCD_ShowHexNum(2,1,0xA5,2);
  12   1              LCD_ShowBinNum(2,7,0xA5,8);
  13   1              LCD_ShowChar(2,4,0xDF);
  14   1              LCD_ShowString(1,16,"Holle");
  15   1              while(1){
  16   2                      LCD_WriteCommand(0x18);
  17   2                      Delay(50);
  18   2              }
  19   1      }


MODULE INFORMATION:   STATIC OVERLAYABLE
   CODE SIZE        =    117    ----
   CONSTANT SIZE    =      6    ----
   XDATA SIZE       =   ----    ----
   PDATA SIZE       =   ----    ----
   DATA SIZE        =   ----    ----
   IDATA SIZE       =   ----    ----
   BIT SIZE         =   ----    ----
END OF MODULE INFORMATION.


C51 COMPILATION COMPLETE.  0 WARNING(S),  0 ERROR(S)
