C51 COMPILER V9.54   INDEKEY                                                               08/21/2025 21:25:07 PAGE 1   


C51 COMPILER V9.54, COMPILATION OF MODULE INDEKEY
OBJECT MODULE PLACED IN .\Objects\IndeKey.obj
COMPILER INVOKED BY: E:\Learning Programs\kiel5\C51\BIN\C51.EXE IndeKey.c OPTIMIZE(8,SPEED) BROWSE DEBUG OBJECTEXTEND PR
                    -INT(.\Listings\IndeKey.lst) OBJECT(.\Objects\IndeKey.obj)

line level    source

   1          #include <REGX52.H>
   2          unsigned char Tamp;
   3          
   4          unsigned char IndeKey(){
   5   1              unsigned char T_Tamp=Tamp; 
   6   1              Tamp=0;
   7   1              return T_Tamp;
   8   1      }
   9          
  10          
  11          
  12          unsigned char Key_Gate(){
  13   1              unsigned char IndeKeyNumber=0;
  14   1              
  15   1              if(P3_1==0){IndeKeyNumber=1;}
  16   1              if(P3_0==0){IndeKeyNumber=2;}
  17   1              if(P3_2==0){IndeKeyNumber=3;}
  18   1              if(P3_3==0){IndeKeyNumber=4;}
  19   1      
  20   1              return IndeKeyNumber;
  21   1      }
  22          
  23          void Key_Loop(){
  24   1              static unsigned char NowStata,LastStata;
  25   1              LastStata=NowStata;
  26   1              NowStata=Key_Gate();
  27   1              if(NowStata==1 && LastStata==0){
  28   2                      Tamp=1;
  29   2              }       
  30   1              if(NowStata==0 && LastStata==2){
  31   2                      Tamp=2;
  32   2              }       
  33   1              if(NowStata==0 && LastStata==3){
  34   2                      Tamp=3;
  35   2              }       
  36   1              if(NowStata==0 && LastStata==4){
  37   2                      Tamp=4;
  38   2              }
  39   1              
  40   1      }


MODULE INFORMATION:   STATIC OVERLAYABLE
   CODE SIZE        =     85    ----
   CONSTANT SIZE    =   ----    ----
   XDATA SIZE       =   ----    ----
   PDATA SIZE       =   ----    ----
   DATA SIZE        =      3    ----
   IDATA SIZE       =   ----    ----
   BIT SIZE         =   ----    ----
END OF MODULE INFORMATION.


C51 COMPILATION COMPLETE.  0 WARNING(S),  0 ERROR(S)
