C51 COMPILER V9.54   MAIN                                                                  08/21/2025 21:20:51 PAGE 1   


C51 COMPILER V9.54, COMPILATION OF MODULE MAIN
OBJECT MODULE PLACED IN .\Objects\main.obj
COMPILER INVOKED BY: E:\Learning Programs\kiel5\C51\BIN\C51.EXE main.c OPTIMIZE(8,SPEED) BROWSE DEBUG OBJECTEXTEND PRINT
                    -(.\Listings\main.lst) OBJECT(.\Objects\main.obj)

line level    source

   1          #include <REGX52.H>
   2          #include "Delay.h"
   3          #include "IndeKey.h"
   4          #include "Nixie.h"
   5          #include "Timer0_Init.h"
   6          #include "I2C.h"
   7          #include "AT2402.h"
   8          
   9          unsigned char  KeyNum;
  10          unsigned char  Min,Sec,MiniSec;
  11          unsigned char  RunFlag;
  12          
  13          void main(){
  14   1              Timer0_Init();
  15   1              while(1){
  16   2                      KeyNum=IndeKey();
  17   2                      if(KeyNum==1){
  18   3                              RunFlag=!RunFlag;
  19   3                      }               
  20   2                      if(KeyNum==2){
  21   3                              Min=0;
  22   3                              Sec=0;
  23   3                              MiniSec=0;
  24   3                      }               
  25   2                      if(KeyNum==3){
  26   3                              AT24C02_WriteByte(0,Min);
  27   3                              Delay(5);
  28   3                              AT24C02_WriteByte(1,Sec);
  29   3                              Delay(5);
  30   3                              AT24C02_WriteByte(2,MiniSec);           
  31   3                              Delay(5);
  32   3                      }               
  33   2                      if(KeyNum==4){
  34   3                              Min=AT24C02_ReadByte(0);
  35   3                              Sec=AT24C02_ReadByte(1);
  36   3                              MiniSec=AT24C02_ReadByte(2);
  37   3                      }
  38   2                      Nixie_SetBuf(1,Min/10);
  39   2                      Nixie_SetBuf(2,Min%10);
  40   2                      Nixie_SetBuf(3,11);                     
  41   2                      Nixie_SetBuf(4,Sec/10);
  42   2                      Nixie_SetBuf(5,Sec%10);
  43   2                      Nixie_SetBuf(6,11);                     
  44   2                      Nixie_SetBuf(7,MiniSec/10);
  45   2                      Nixie_SetBuf(8,MiniSec%10);     
  46   2              }
  47   1      } 
  48          
  49          void Sec_Loop(){
  50   1              if(RunFlag){
  51   2                      MiniSec++;
  52   2                      if(MiniSec>=100){
  53   3                              MiniSec=0;
  54   3                              Sec++;
C51 COMPILER V9.54   MAIN                                                                  08/21/2025 21:20:51 PAGE 2   

  55   3                              if(Sec>=60){
  56   4                                      Sec=0;
  57   4                                      Min++;
  58   4                                      if(Min>=60){
  59   5                                              Min=0;
  60   5                                      }
  61   4                              }
  62   3                      }       
  63   2              }
  64   1      }
  65          
  66          void Timer0_Routine() interrupt 1{
  67   1              static unsigned int T0Count1,T0Count2,T0Count3;
  68   1              TL0=0x18;
  69   1              TH0=0xFC;
  70   1              T0Count1++;
  71   1              if(T0Count1>=20){
  72   2                      T0Count1=0;
  73   2                      Key_Loop();
  74   2              }       
  75   1              T0Count2++;
  76   1              if(T0Count2>=2){
  77   2                      T0Count2=0;
  78   2                      Nixie_Loop();
  79   2              }       
  80   1              T0Count3++;
  81   1              if(T0Count3>=10){
  82   2                      T0Count3=0;
  83   2                      Sec_Loop();
  84   2              }
  85   1      }


MODULE INFORMATION:   STATIC OVERLAYABLE
   CODE SIZE        =    410    ----
   CONSTANT SIZE    =   ----    ----
   XDATA SIZE       =   ----    ----
   PDATA SIZE       =   ----    ----
   DATA SIZE        =     11    ----
   IDATA SIZE       =   ----    ----
   BIT SIZE         =   ----    ----
END OF MODULE INFORMATION.


C51 COMPILATION COMPLETE.  0 WARNING(S),  0 ERROR(S)
