C51 COMPILER V9.54   DS1302                                                                08/19/2025 22:31:07 PAGE 1   


C51 COMPILER V9.54, COMPILATION OF MODULE DS1302
OBJECT MODULE PLACED IN .\Objects\DS1302.obj
COMPILER INVOKED BY: E:\Learning Programs\kiel5\C51\BIN\C51.EXE DS1302.c OPTIMIZE(8,SPEED) BROWSE DEBUG OBJECTEXTEND PRI
                    -NT(.\Listings\DS1302.lst) OBJECT(.\Objects\DS1302.obj)

line level    source

   1          #include <REGX52.H>
   2          
   3          sbit DS1302_SCLK=P3^6;
   4          sbit DS1302_IO=P3^4;
   5          sbit DS1302_CE=P3^5;
   6          
   7          #define DS1302_SECOND      0x80
   8          #define DS1302_MINUTE      0x82
   9          #define DS1302_HOUR        0x84
  10          #define DS1302_DATE        0x86
  11          #define DS1302_MONTH       0x88
  12          #define DS1302_DAY         0x8A
  13          #define DS1302_YEAR        0x8C
  14          #define DS1302_WP          0x8E
  15          
  16          char DS1302_Time[]={25,8,20,10,00,52,3};
  17          
  18          void DS1302_Init(){
  19   1              DS1302_CE=0;
  20   1              DS1302_SCLK=0;
  21   1      }
  22          
  23          void DS1302_WriteByte(unsigned char Command,Date){
  24   1              unsigned char i;
  25   1              DS1302_CE=1;
  26   1              for(i=0;i<8;i++){
  27   2                      DS1302_IO=Command&(0x01<<i);
  28   2                      DS1302_SCLK=1;
  29   2                      DS1302_SCLK=0;
  30   2              }
  31   1                      for(i=0;i<8;i++){
  32   2                      DS1302_IO=Date&(0x01<<i);
  33   2                      DS1302_SCLK=1;
  34   2                      DS1302_SCLK=0;
  35   2              }
  36   1              DS1302_CE=0;
  37   1              DS1302_IO=0;
  38   1      }
  39          
  40          unsigned char DS1302_ReadByte(unsigned char Command){
  41   1              unsigned char i,Date=0x00;
  42   1              Command|=0x01;
  43   1              DS1302_CE=1;
  44   1              for(i=0;i<8;i++){
  45   2                      DS1302_IO=Command&(0x01<<i);
  46   2                      DS1302_SCLK=0;
  47   2                      DS1302_SCLK=1;
  48   2              }
  49   1              
  50   1              for(i=0;i<8;i++){
  51   2                      DS1302_SCLK=1;
  52   2                      DS1302_SCLK=0;
  53   2                      if(DS1302_IO){Date|=(0x01<<i);}
  54   2              }
C51 COMPILER V9.54   DS1302                                                                08/19/2025 22:31:07 PAGE 2   

  55   1              DS1302_CE=0;
  56   1              DS1302_IO=0;
  57   1              return Date;
  58   1      }
  59          
  60          void DS1302_SetTime(){
  61   1              DS1302_WriteByte(DS1302_WP,0x00);
  62   1              DS1302_WriteByte(DS1302_YEAR,DS1302_Time[0]/10*16+DS1302_Time[0]%10);
  63   1              DS1302_WriteByte(DS1302_MONTH,DS1302_Time[1]/10*16+DS1302_Time[1]%10);
  64   1              DS1302_WriteByte(DS1302_DATE,DS1302_Time[2]/10*16+DS1302_Time[2]%10);
  65   1              DS1302_WriteByte(DS1302_HOUR,DS1302_Time[3]/10*16+DS1302_Time[3]%10);
  66   1              DS1302_WriteByte(DS1302_MINUTE,DS1302_Time[4]/10*16+DS1302_Time[4]%10);
  67   1              DS1302_WriteByte(DS1302_SECOND,DS1302_Time[5]/10*16+DS1302_Time[5]%10);
  68   1              DS1302_WriteByte(DS1302_DAY,DS1302_Time[6]/10*16+DS1302_Time[6]%10);
  69   1              DS1302_WriteByte(DS1302_WP,0x80);
  70   1      
  71   1      }
  72          
  73          void DS1302_ReadTime(){
  74   1              unsigned char Temp;
  75   1              Temp=DS1302_ReadByte(DS1302_YEAR);
  76   1              DS1302_Time[0]=Temp/16*10+Temp%16;
  77   1              Temp=DS1302_ReadByte(DS1302_MONTH);
  78   1              DS1302_Time[1]=Temp/16*10+Temp%16;
  79   1              Temp=DS1302_ReadByte(DS1302_DATE);
  80   1              DS1302_Time[2]=Temp/16*10+Temp%16;
  81   1              Temp=DS1302_ReadByte(DS1302_HOUR);
  82   1              DS1302_Time[3]=Temp/16*10+Temp%16;
  83   1              Temp=DS1302_ReadByte(DS1302_MINUTE);
  84   1              DS1302_Time[4]=Temp/16*10+Temp%16;
  85   1              Temp=DS1302_ReadByte(DS1302_SECOND);
  86   1              DS1302_Time[5]=Temp/16*10+Temp%16;
  87   1              Temp=DS1302_ReadByte(DS1302_DAY);
  88   1              DS1302_Time[6]=Temp/16*10+Temp%16;
  89   1      
  90   1      }


MODULE INFORMATION:   STATIC OVERLAYABLE
   CODE SIZE        =    696    ----
   CONSTANT SIZE    =   ----    ----
   XDATA SIZE       =   ----    ----
   PDATA SIZE       =   ----    ----
   DATA SIZE        =      7       2
   IDATA SIZE       =   ----    ----
   BIT SIZE         =   ----    ----
END OF MODULE INFORMATION.


C51 COMPILATION COMPLETE.  0 WARNING(S),  0 ERROR(S)
