C51 COMPILER V9.54   MAIN                                                                  08/24/2025 15:08:35 PAGE 1   


C51 COMPILER V9.54, COMPILATION OF MODULE MAIN
OBJECT MODULE PLACED IN .\Objects\main.obj
COMPILER INVOKED BY: E:\Learning Programs\kiel5\C51\BIN\C51.EXE main.c OPTIMIZE(8,SPEED) BROWSE DEBUG OBJECTEXTEND PRINT
                    -(.\Listings\main.lst) OBJECT(.\Objects\main.obj)

line level    source

   1          #include <REGX52.H>
   2          #include "Timer0_Init.h"
   3          #include "Delay.h"
   4          #include "IndeKey.h"
   5          #include "Nixie.h"
   6          
   7          sbit MOTOR=P1^0;
   8          
   9          unsigned char Counter,Compare;
  10          unsigned char KeyNum,Speed;
  11          
  12          //void Delay(unsigned int t){
  13          //      while(t--);
  14          //}
  15          
  16          void main()
  17          {
  18   1              /*
  19   1              unsigned char Time,i;
  20   1              while(1)
  21   1              {
  22   1                      for(Time=0;Time<100;Time++)
  23   1                      {
  24   1                              for(i=0;i<20;i++)
  25   1                              {
  26   1                                      LED=0;
  27   1                                      Delay(Time);
  28   1                                      LED=1;
  29   1                                      Delay(100-Time);                        
  30   1                              }
  31   1      
  32   1                      }               
  33   1                      for(Time=100;Time>0;Time--)
  34   1                      {
  35   1                              for(i=0;i<20;i++)
  36   1                              {
  37   1                                      LED=0;
  38   1                                      Delay(Time);
  39   1                                      LED=1;
  40   1                                      Delay(100-Time);                        
  41   1                              }
  42   1      
  43   1                      }
  44   1      
  45   1              }
  46   1              */
  47   1              Timer0_Init();
  48   1              Compare=5;
  49   1              while(1)
  50   1              {
  51   2                      KeyNum=IndeKey();
  52   2                      if(KeyNum==1)
  53   2                      {
  54   3                              Speed++;
C51 COMPILER V9.54   MAIN                                                                  08/24/2025 15:08:35 PAGE 2   

  55   3                              Speed%=4;
  56   3                              if(Speed==0){Compare=0;}
  57   3                              if(Speed==1){Compare=50;}
  58   3                              if(Speed==2){Compare=75;}
  59   3                              if(Speed==3){Compare=100;}
  60   3                      }
  61   2                      Nixie(1,Speed);
  62   2              }
  63   1      }
  64          
  65          void Timer0_Routine() interrupt 1
  66          {
  67   1              TL0=0xA4;               
  68   1              TH0=0xFF;       
  69   1              Counter++;
  70   1              Counter%=100;
  71   1              if(Counter<Compare)
  72   1              {
  73   2                      MOTOR=1;
  74   2              }
  75   1              else
  76   1              {
  77   2                      MOTOR=0;
  78   2              }
  79   1      }


MODULE INFORMATION:   STATIC OVERLAYABLE
   CODE SIZE        =    107    ----
   CONSTANT SIZE    =   ----    ----
   XDATA SIZE       =   ----    ----
   PDATA SIZE       =   ----    ----
   DATA SIZE        =      4    ----
   IDATA SIZE       =   ----    ----
   BIT SIZE         =   ----    ----
END OF MODULE INFORMATION.


C51 COMPILATION COMPLETE.  0 WARNING(S),  0 ERROR(S)
