C51 COMPILER V9.54   NIXIE                                                                 08/24/2025 14:48:45 PAGE 1   


C51 COMPILER V9.54, COMPILATION OF MODULE NIXIE
OBJECT MODULE PLACED IN .\Objects\Nixie.obj
COMPILER INVOKED BY: E:\Learning Programs\kiel5\C51\BIN\C51.EXE Nixie.c OPTIMIZE(8,SPEED) BROWSE DEBUG OBJECTEXTEND PRIN
                    -T(.\Listings\Nixie.lst) OBJECT(.\Objects\Nixie.obj)

line level    source

   1          #include <REGX52.H>
   2          #include "Delay.h"
   3          
   4          unsigned char Nixie_Buf[9]={0,10,10,10,10,10,10,10,10};
   5          
   6          unsigned char NixieTable[]={0x3F,0x06,0x5B,0x4F,0x66,0x6D,0x7D,0x07,0x7F,0x6F,0x00,0x40};
   7          
   8          void Nixie_SetBuf(unsigned char Location,Number){
   9   1              Nixie_Buf[Location]=Number;
  10   1      }
  11          
  12          void Nixie(unsigned char Location,Number){
  13   1              P0=0x00;
  14   1              switch(Location){
  15   2                      case 1 :
  16   2                              P2_4=1;P2_3=1;P2_2=1;break;
  17   2                      case 2 :
  18   2                              P2_4=1;P2_3=1;P2_2=0;break;
  19   2                      case 3 :
  20   2                              P2_4=1;P2_3=0;P2_2=1;break;     
  21   2                      case 4 :
  22   2                              P2_4=1;P2_3=0;P2_2=0;break;             
  23   2                      case 5 :
  24   2                              P2_4=0;P2_3=1;P2_2=1;break;             
  25   2                      case 6 :
  26   2                              P2_4=0;P2_3=1;P2_2=0;break;             
  27   2                      case 7 :
  28   2                              P2_4=0;P2_3=0;P2_2=1;break;             
  29   2                      case 8 :
  30   2                              P2_4=0;P2_3=0;P2_2=0;break;                             
  31   2              }
  32   1              P0=NixieTable[Number];
  33   1      }
  34          
  35          void Nixie_Loop(){
  36   1              static unsigned char i=1;
  37   1              Nixie(i,Nixie_Buf[i]);
  38   1              i++;
  39   1              if(i>=9)i=1;
  40   1      }


MODULE INFORMATION:   STATIC OVERLAYABLE
   CODE SIZE        =    138    ----
   CONSTANT SIZE    =   ----    ----
   XDATA SIZE       =   ----    ----
   PDATA SIZE       =   ----    ----
   DATA SIZE        =     22    ----
   IDATA SIZE       =   ----    ----
   BIT SIZE         =   ----    ----
END OF MODULE INFORMATION.


C51 COMPILATION COMPLETE.  0 WARNING(S),  0 ERROR(S)
