C51 COMPILER V9.54   TIMER0_INIT                                                           08/24/2025 14:53:31 PAGE 1   


C51 COMPILER V9.54, COMPILATION OF MODULE TIMER0_INIT
OBJECT MODULE PLACED IN .\Objects\Timer0_Init.obj
COMPILER INVOKED BY: E:\Learning Programs\kiel5\C51\BIN\C51.EXE Timer0_Init.c OPTIMIZE(8,SPEED) BROWSE DEBUG OBJECTEXTEN
                    -D PRINT(.\Listings\Timer0_Init.lst) OBJECT(.\Objects\Timer0_Init.obj)

line level    source

   1          #include <REGX52.H>
   2          
   3          void Timer0_Init(){//100us
   4   1              TMOD&=0xF0;
   5   1              TMOD|=0x01;
   6   1              TL0=0xA4;               
   7   1              TH0=0xFF;       
   8   1              TF0=0;
   9   1              TR0=1;
  10   1              ET0=1;
  11   1              EA=1;
  12   1              PT0=0;
  13   1      }
  14          
  15          
  16          /*
  17          void Timer0_Routine() interrupt 1{
  18                  static unsigned int T0Count;
  19                  TL0=0xA4;               
  20                  TH0=0xFF;       
  21                  T0Count++;
  22                  if(T0Count>=1000){
  23                          T0Count=0;
  24                  }
  25          }
  26          */


MODULE INFORMATION:   STATIC OVERLAYABLE
   CODE SIZE        =     23    ----
   CONSTANT SIZE    =   ----    ----
   XDATA SIZE       =   ----    ----
   PDATA SIZE       =   ----    ----
   DATA SIZE        =   ----    ----
   IDATA SIZE       =   ----    ----
   BIT SIZE         =   ----    ----
END OF MODULE INFORMATION.


C51 COMPILATION COMPLETE.  0 WARNING(S),  0 ERROR(S)
