C51 COMPILER V9.54   MAIN                                                                  08/20/2025 15:06:04 PAGE 1   


C51 COMPILER V9.54, COMPILATION OF MODULE MAIN
OBJECT MODULE PLACED IN .\Objects\main.obj
COMPILER INVOKED BY: E:\Learning Programs\kiel5\C51\BIN\C51.EXE main.c OPTIMIZE(8,SPEED) BROWSE DEBUG OBJECTEXTEND PRINT
                    -(.\Listings\main.lst) OBJECT(.\Objects\main.obj)

line level    source

   1          #include <REGX52.H>
   2          #include "IndeKey.h"
   3          #include "Delay.h"
   4          #include "Nixie.h"
   5          #include "Buzzer.h"
   6          #include "MatrixKey.h"
   7          #include "Timer0_Init.h"
   8          #define SPEED 250
   9          unsigned char KeyNum,FreqSelet=0,MSelet=0;
  10          unsigned int i,m;
  11          unsigned int Freq[]={
  12                  0,
  13                  63628,63731,63835,63928,64021,64185,64260,64331,64400,64463,64528,
  14                  64580,64633,64684,64777,64820,64860,64898,64934,64968,65000,65035,
  15                  65058,65085,65110,65134,65157,65178,65198,65217,65235,65268,65283,
  16          };
  17          unsigned char Mus[]={
  18          13,4,
  19          13,4,
  20          20,4,
  21          20,4,
  22          22,4,
  23          22,4,
  24          20,4+4,
  25          0,4,
  26          18,4,
  27          18,4,
  28          17,4,
  29          17,4,
  30          15,4,
  31          15,4,
  32          13,4+4,
  33          0xFF
  34          };
  35          
  36          
  37          
  38          
  39          void main(){
  40   1              Timer0_Init();
  41   1              while(1){
  42   2                      if(Mus[MSelet]!=0xFF){
  43   3                              FreqSelet=Mus[MSelet];
  44   3                              MSelet++;
  45   3                              Delay(SPEED/4*Mus[MSelet]);
  46   3                              MSelet++;               
  47   3                              TR0=0;
  48   3                              Delay(5);
  49   3                              TR0=1;  
  50   3                      }
  51   2                      else{
  52   3                                              TR0=0;
  53   3      
  54   3                      }
C51 COMPILER V9.54   MAIN                                                                  08/20/2025 15:06:04 PAGE 2   

  55   2              }
  56   1      }
  57          
  58          void Timer0_Routine() interrupt 1{
  59   1              if(Freq[FreqSelet]){
  60   2              TL0=Freq[FreqSelet]%256;
  61   2              TH0=Freq[FreqSelet]/256;
  62   2              Buzzer=!Buzzer; 
  63   2              }
  64   1      
  65   1      }


MODULE INFORMATION:   STATIC OVERLAYABLE
   CODE SIZE        =    104    ----
   CONSTANT SIZE    =   ----    ----
   XDATA SIZE       =   ----    ----
   PDATA SIZE       =   ----    ----
   DATA SIZE        =    106    ----
   IDATA SIZE       =   ----    ----
   BIT SIZE         =   ----    ----
END OF MODULE INFORMATION.


C51 COMPILATION COMPLETE.  0 WARNING(S),  0 ERROR(S)
