C51 COMPILER V9.54   NIXIE                                                                 08/16/2025 14:49:25 PAGE 1   


C51 COMPILER V9.54, COMPILATION OF MODULE NIXIE
OBJECT MODULE PLACED IN .\Objects\Nixie.obj
COMPILER INVOKED BY: E:\Learning Programs\kiel5\C51\BIN\C51.EXE Nixie.c OPTIMIZE(8,SPEED) BROWSE DEBUG OBJECTEXTEND PRIN
                    -T(.\Listings\Nixie.lst) TABS(2) OBJECT(.\Objects\Nixie.obj)

line level    source

   1          #include <REGX52.H>
   2          #include "Delay.h"
   3          unsigned char NixieTable[] = {0x3F,0x06,0x5B,0x4F,0x66,0x6D,0x7D,0x07,0x7F,0x6F};
   4          void Nixie(unsigned char Location,Number){
   5   1        switch(Location){
   6   2          case 1 :
   7   2            P2_4=1;P2_3=1;P2_2=1;break;
   8   2          case 2 :
   9   2            P2_4=1;P2_3=1;P2_2=0;break;
  10   2          case 3 :
  11   2            P2_4=1;P2_3=0;P2_2=1;break; 
  12   2          case 4 :
  13   2            P2_4=1;P2_3=0;P2_2=0;break;   
  14   2          case 5 :
  15   2            P2_4=0;P2_3=1;P2_2=1;break;   
  16   2          case 6 :
  17   2            P2_4=0;P2_3=1;P2_2=0;break;   
  18   2          case 7 :
  19   2            P2_4=0;P2_3=0;P2_2=1;break;   
  20   2          case 8 :
  21   2            P2_4=0;P2_3=0;P2_2=0;break;       
  22   2        }
  23   1        P0=NixieTable[Number];
  24   1        Delay(1);
  25   1        P0=0x00;
  26   1      }


MODULE INFORMATION:   STATIC OVERLAYABLE
   CODE SIZE        =    109    ----
   CONSTANT SIZE    =   ----    ----
   XDATA SIZE       =   ----    ----
   PDATA SIZE       =   ----    ----
   DATA SIZE        =     10    ----
   IDATA SIZE       =   ----    ----
   BIT SIZE         =   ----    ----
END OF MODULE INFORMATION.


C51 COMPILATION COMPLETE.  0 WARNING(S),  0 ERROR(S)
