C51 COMPILER V9.54   MAIN                                                                  08/17/2025 13:11:41 PAGE 1   


C51 COMPILER V9.54, COMPILATION OF MODULE MAIN
OBJECT MODULE PLACED IN .\Objects\main.obj
COMPILER INVOKED BY: E:\Learning Programs\kiel5\C51\BIN\C51.EXE main.c OPTIMIZE(8,SPEED) BROWSE DEBUG OBJECTEXTEND PRINT
                    -(.\Listings\main.lst) TABS(2) OBJECT(.\Objects\main.obj)

line level    source

   1          #include <REGX52.H>
   2          #include "Delay.h"
   3          #include "LCD1602.h"
   4          #include "MatrixKey.h"
   5          
   6          unsigned char KeyNum;
   7          unsigned int Password;
   8          unsigned int Count;
   9          unsigned int RealPassword = 1234;
  10          
  11          void main(){
  12   1        LCD_Init(); 
  13   1        while(1){
  14   2          LCD_ShowString(1,1,"Password:");
  15   2          KeyNum=MatrixKey();
  16   2          if(KeyNum){
  17   3            if(KeyNum<=10){
  18   4              if(Count<4){
  19   5                Password*=10;
  20   5                Password+=KeyNum%10;
  21   5                Delay(20);
  22   5                Count++;        
  23   5                }
  24   4              LCD_ShowNum(2,1,Password,4);    
  25   4            }
  26   3            if(KeyNum==11){
  27   4              if(Password == RealPassword){
  28   5                LCD_ShowString(1,10,"CORRECT");
  29   5                Password=0;
  30   5                Count=0;
  31   5              }
  32   4              else{
  33   5                LCD_ShowString(1,10,"WRONG  ");         
  34   5                Password=0;
  35   5                Count=0;        
  36   5              }
  37   4              LCD_ShowNum(2,1,Password,4);            
  38   4            }
  39   3            if(KeyNum==12){
  40   4              Password=0;
  41   4              Count=0; 
  42   4              LCD_ShowNum(2,1,Password,4);            
  43   4            }
  44   3      
  45   3          }
  46   2        }
  47   1      }


MODULE INFORMATION:   STATIC OVERLAYABLE
   CODE SIZE        =    196    ----
   CONSTANT SIZE    =     26    ----
   XDATA SIZE       =   ----    ----
   PDATA SIZE       =   ----    ----
C51 COMPILER V9.54   MAIN                                                                  08/17/2025 13:11:41 PAGE 2   

   DATA SIZE        =      7    ----
   IDATA SIZE       =   ----    ----
   BIT SIZE         =   ----    ----
END OF MODULE INFORMATION.


C51 COMPILATION COMPLETE.  0 WARNING(S),  0 ERROR(S)
