C51 COMPILER V9.54   MAIN                                                                  08/25/2025 13:42:47 PAGE 1   


C51 COMPILER V9.54, COMPILATION OF MODULE MAIN
OBJECT MODULE PLACED IN .\Objects\main.obj
COMPILER INVOKED BY: E:\Learning Programs\kiel5\C51\BIN\C51.EXE main.c OPTIMIZE(8,SPEED) BROWSE DEBUG OBJECTEXTEND PRINT
                    -(.\Listings\main.lst) OBJECT(.\Objects\main.obj)

line level    source

   1          #include <REGX52.H>
   2          #include "LCD1602.h"
   3          #include "Delay.h"
   4          #include "XPT2046.h"
   5          
   6          unsigned int ADValue;
   7          
   8          void main()
   9          {
  10   1              LCD_Init();
  11   1              LCD_ShowString(1,1,"ADJ  NTC  RG");
  12   1              while(1)
  13   1              {
  14   2                      ADValue=XPT2406_ReadAD(XPT2046_XP_8);
  15   2                      LCD_ShowNum(2,1,ADValue,3);
  16   2                      //Delay(10);
  17   2                      ADValue=XPT2406_ReadAD(XPT2046_YP_8);
  18   2                      LCD_ShowNum(2,6,ADValue,3);             
  19   2                      //Delay(10);
  20   2                      ADValue=XPT2406_ReadAD(XPT2046_VBAT_8);
  21   2                      LCD_ShowNum(2,11,ADValue,3);
  22   2                      Delay(1);
  23   2              }
  24   1      }


MODULE INFORMATION:   STATIC OVERLAYABLE
   CODE SIZE        =     94    ----
   CONSTANT SIZE    =     13    ----
   XDATA SIZE       =   ----    ----
   PDATA SIZE       =   ----    ----
   DATA SIZE        =      2    ----
   IDATA SIZE       =   ----    ----
   BIT SIZE         =   ----    ----
END OF MODULE INFORMATION.


C51 COMPILATION COMPLETE.  0 WARNING(S),  0 ERROR(S)
